<?xml version="1.0" encoding="UTF-8"?>
<testsuite name="neuroverkko.Utils.ImageUtilsTest" tests="4" skipped="0" failures="0" errors="0" timestamp="2021-05-21T08:30:55" hostname="hal9001" time="0.012">
  <properties/>
  <testcase name="testMoveDown" classname="neuroverkko.Utils.ImageUtilsTest" time="0.007"/>
  <testcase name="testMoveLeft" classname="neuroverkko.Utils.ImageUtilsTest" time="0.002"/>
  <testcase name="testMoveUp" classname="neuroverkko.Utils.ImageUtilsTest" time="0.0"/>
  <testcase name="testMoveRight" classname="neuroverkko.Utils.ImageUtilsTest" time="0.002"/>
  <system-out><![CDATA[Move down
Result: 
[1, 1, 1]
[0, 0, 0]
[2, 2, 2]
[0, 0, 0]
[1, 1, 1]
Move left
image: 
[0, 1, 2]
[1, 1, 1]
[0, 1, 2]
Result: 
[1, 2, 0]
[1, 1, 1]
[1, 2, 0]
[1, 2, 0]
[1, 1, 1]
[1, 2, 0]
Move up
Result: 
[1, 1, 1]
[0, 0, 0]
Move right
image: 
[0, 1, 2]
[1, 1, 1]
[0, 1, 2]
Result: 
[2, 0, 1]
[1, 1, 1]
[2, 0, 1]
[2, 0, 1]
[1, 1, 1]
[2, 0, 1]
]]></system-out>
  <system-err><![CDATA[]]></system-err>
</testsuite>
