<?xml version="1.0" encoding="UTF-8"?>
<testsuite name="neuroverkko.Math.ActivationFunctions.IdentityTest" tests="1" skipped="0" failures="0" errors="0" timestamp="2021-05-21T08:30:56" hostname="hal9001" time="0.003">
  <properties/>
  <testcase name="testWorksWithMatrices" classname="neuroverkko.Math.ActivationFunctions.IdentityTest" time="0.003"/>
  <system-out><![CDATA[worksWithMatrices test
minstance: Matrix: [[1.0, 2.0, 3.0], [4.0, 5.0, 6.0], [7.0, 8.0, 9.0]]
Result: Matrix: [[1.0, 2.0, 3.0], [4.0, 5.0, 6.0], [7.0, 8.0, 9.0]]
Derivative result: Matrix: [[1.0, 1.0, 1.0], [1.0, 1.0, 1.0], [1.0, 1.0, 1.0]]
]]></system-out>
  <system-err><![CDATA[]]></system-err>
</testsuite>
