<?xml version="1.0" encoding="UTF-8"?>
<testsuite name="neuroverkko.AppTest" tests="1" skipped="0" failures="0" errors="0" timestamp="2021-05-21T08:30:55" hostname="hal9001" time="0.001">
  <properties/>
  <testcase name="testAppHasAGreeting" classname="neuroverkko.AppTest" time="0.001"/>
  <system-out><![CDATA[]]></system-out>
  <system-err><![CDATA[]]></system-err>
</testsuite>
