<?xml version="1.0" encoding="UTF-8"?>
<testsuite name="neuroverkko.Neuroverkko.LayerTest" tests="6" skipped="0" failures="0" errors="0" timestamp="2021-05-22T09:25:44" hostname="hal9001" time="0.023">
  <properties/>
  <testcase name="testChooseNNeurons" classname="neuroverkko.Neuroverkko.LayerTest" time="0.013"/>
  <testcase name="testInitializeWeights" classname="neuroverkko.Neuroverkko.LayerTest" time="0.001"/>
  <testcase name="testGetDropoutMatrix" classname="neuroverkko.Neuroverkko.LayerTest" time="0.003"/>
  <testcase name="testEvaluate" classname="neuroverkko.Neuroverkko.LayerTest" time="0.001"/>
  <testcase name="testSetInitialWeightsRand" classname="neuroverkko.Neuroverkko.LayerTest" time="0.001"/>
  <testcase name="testSetPrevLayer" classname="neuroverkko.Neuroverkko.LayerTest" time="0.0"/>
  <system-out><![CDATA[chooseNNeurons
3
[1, 0, 1]
getDropoutMatrix
setInitialWeightRand
noPrev.getWeights(): Matrix: [[0.3235755015083128]]
]]></system-out>
  <system-err><![CDATA[]]></system-err>
</testsuite>
