<?xml version="1.0" encoding="UTF-8"?>
<testsuite name="neuroverkko.Math.ActivationFunctions.SoftmaxTest" tests="1" skipped="0" failures="0" errors="0" timestamp="2021-05-22T09:25:43" hostname="hal9001" time="0.006">
  <properties/>
  <testcase name="shouldCalcActivation" classname="neuroverkko.Math.ActivationFunctions.SoftmaxTest" time="0.006"/>
  <system-out><![CDATA[]]></system-out>
  <system-err><![CDATA[]]></system-err>
</testsuite>
