<?xml version="1.0" encoding="UTF-8"?>
<testsuite name="neuroverkko.Math.CostFunctions.QuadraticTest" tests="2" skipped="0" failures="0" errors="0" timestamp="2021-05-22T09:25:43" hostname="hal9001" time="0.003">
  <properties/>
  <testcase name="testGetCost" classname="neuroverkko.Math.CostFunctions.QuadraticTest" time="0.001"/>
  <testcase name="testGetDerivative" classname="neuroverkko.Math.CostFunctions.QuadraticTest" time="0.002"/>
  <system-out><![CDATA[Quadratic getCost
getDerivative
Cost: 25.000000000000004
Exp error2: Matrix: [[3.0], [-5.0], [4.0]]
]]></system-out>
  <system-err><![CDATA[]]></system-err>
</testsuite>
