<?xml version="1.0" encoding="UTF-8"?>
<testsuite name="neuroverkko.Math.CostFunctions.CrossEntropyTest" tests="1" skipped="0" failures="0" errors="0" timestamp="2021-05-21T08:30:55" hostname="hal9001" time="0.018">
  <properties/>
  <testcase name="testGetCost" classname="neuroverkko.Math.CostFunctions.CrossEntropyTest" time="0.018"/>
  <system-out><![CDATA[crossEntropy getCost
]]></system-out>
  <system-err><![CDATA[]]></system-err>
</testsuite>
