<?xml version="1.0" encoding="UTF-8"?>
<testsuite name="neuroverkko.Neuroverkko.Layer3Test" tests="6" skipped="0" failures="0" errors="0" timestamp="2021-05-21T08:30:56" hostname="hal9001" time="0.036">
  <properties/>
  <testcase name="testFeedInput" classname="neuroverkko.Neuroverkko.Layer3Test" time="0.021"/>
  <testcase name="testSetNextLayer" classname="neuroverkko.Neuroverkko.Layer3Test" time="0.0"/>
  <testcase name="testSendOutput" classname="neuroverkko.Neuroverkko.Layer3Test" time="0.001"/>
  <testcase name="testGetOutputMatrix" classname="neuroverkko.Neuroverkko.Layer3Test" time="0.008"/>
  <testcase name="testGetWeightsMatrix" classname="neuroverkko.Neuroverkko.Layer3Test" time="0.001"/>
  <testcase name="testCreateNeurons" classname="neuroverkko.Neuroverkko.Layer3Test" time="0.001"/>
  <system-out><![CDATA[22026.465794806714
0.05, 0.06, 
0.07, 0.08, 
0.09, 0.1, 
0.11, 0.12, 0.13, 
inputs: [0.1, 0.2]
input: 0.1
input: 0.2
sendOutput ed paino: 0.05 * 0.1
this.weight edge: 0.05
sendOutput ed paino: 0.07 * 0.1
this.weight edge: 0.07
sendOutput ed paino: 0.09 * 0.1
this.weight edge: 0.09
sendOutput ed paino: 0.06 * 0.2
this.weight edge: 0.06
sendOutput ed paino: 0.08 * 0.2
this.weight edge: 0.08
sendOutput ed paino: 0.1 * 0.2
this.weight edge: 0.1
sendOutput ed paino: 0.11 * 0.554038116163064
this.weight edge: 0.11
sendOutput ed paino: 0.12 * 0.555520110503999
this.weight edge: 0.12
sendOutput ed paino: 0.13 * 0.5570011178108214
this.weight edge: 0.13
-0.18935678327369743
actualError: -0.18935678327369743
Expected error: -0.189801155
sendOutput ed paino: 1.0 * 0.1
this.weight edge: 1.0
sendOutput ed paino: 1.0 * 0.1
this.weight edge: 1.0
sendOutput ed paino: 1.0 * 0.1
this.weight edge: 1.0
0.30000000000000004
0.05, 0.06, 
0.07, 0.08, 
0.09, 0.1, 
0.11, 0.12, 0.13, 
inputs: [0.1, 0.2]
input: 0.1
input: 0.2
sendOutput ed paino: 0.05 * 0.1
this.weight edge: 0.05
sendOutput ed paino: 0.07 * 0.1
this.weight edge: 0.07
sendOutput ed paino: 0.09 * 0.1
this.weight edge: 0.09
sendOutput ed paino: 0.06 * 0.2
this.weight edge: 0.06
sendOutput ed paino: 0.08 * 0.2
this.weight edge: 0.08
sendOutput ed paino: 0.1 * 0.2
this.weight edge: 0.1
sendOutput ed paino: 0.11 * 0.554038116163064
this.weight edge: 0.11
sendOutput ed paino: 0.12 * 0.555520110503999
this.weight edge: 0.12
sendOutput ed paino: 0.13 * 0.5570011178108214
this.weight edge: 0.13
]]></system-out>
  <system-err><![CDATA[]]></system-err>
</testsuite>
