<?xml version="1.0" encoding="UTF-8"?>
<testsuite name="neuroverkko.Utils.RandomNumberGeneratorTest" tests="1" skipped="0" failures="0" errors="0" timestamp="2021-05-21T08:30:55" hostname="hal9001" time="0.037">
  <properties/>
  <testcase name="testGetRandom" classname="neuroverkko.Utils.RandomNumberGeneratorTest" time="0.037"/>
  <system-out><![CDATA[getRandom
Actual value: 0.730967787376657
]]></system-out>
  <system-err><![CDATA[]]></system-err>
</testsuite>
