<?xml version="1.0" encoding="UTF-8"?>
<testsuite name="neuroverkko.Neuroverkko.NeuronTest" tests="1" skipped="0" failures="0" errors="0" timestamp="2021-05-22T09:25:44" hostname="hal9001" time="0.001">
  <properties/>
  <testcase name="testGetOutput" classname="neuroverkko.Neuroverkko.NeuronTest" time="0.001"/>
  <system-out><![CDATA[]]></system-out>
  <system-err><![CDATA[]]></system-err>
</testsuite>
