<?xml version="1.0" encoding="UTF-8"?>
<testsuite name="neuroverkko.AppTest" tests="1" skipped="0" failures="0" errors="0" timestamp="2021-05-22T09:25:43" hostname="hal9001" time="0.0">
  <properties/>
  <testcase name="testAppHasAGreeting" classname="neuroverkko.AppTest" time="0.0"/>
  <system-out><![CDATA[]]></system-out>
  <system-err><![CDATA[]]></system-err>
</testsuite>
